0 info it worked if it ends with ok
1 verbose cli [ '/usr/local/bin/node',
1 verbose cli   '/usr/local/bin/npm',
1 verbose cli   'install',
1 verbose cli   '-g',
1 verbose cli   'yo',
1 verbose cli   'grunt-cli',
1 verbose cli   'bower' ]
2 info using npm@1.3.24
3 info using node@v0.10.25
4 verbose cache add [ 'yo', null ]
5 verbose cache add name=undefined spec="yo" args=["yo",null]
6 verbose parsed url { protocol: null,
6 verbose parsed url   slashes: null,
6 verbose parsed url   auth: null,
6 verbose parsed url   host: null,
6 verbose parsed url   port: null,
6 verbose parsed url   hostname: null,
6 verbose parsed url   hash: null,
6 verbose parsed url   search: null,
6 verbose parsed url   query: null,
6 verbose parsed url   pathname: 'yo',
6 verbose parsed url   path: 'yo',
6 verbose parsed url   href: 'yo' }
7 verbose cache add [ 'grunt-cli', null ]
8 verbose cache add name=undefined spec="grunt-cli" args=["grunt-cli",null]
9 verbose parsed url { protocol: null,
9 verbose parsed url   slashes: null,
9 verbose parsed url   auth: null,
9 verbose parsed url   host: null,
9 verbose parsed url   port: null,
9 verbose parsed url   hostname: null,
9 verbose parsed url   hash: null,
9 verbose parsed url   search: null,
9 verbose parsed url   query: null,
9 verbose parsed url   pathname: 'grunt-cli',
9 verbose parsed url   path: 'grunt-cli',
9 verbose parsed url   href: 'grunt-cli' }
10 verbose cache add [ 'bower', null ]
11 verbose cache add name=undefined spec="bower" args=["bower",null]
12 verbose parsed url { protocol: null,
12 verbose parsed url   slashes: null,
12 verbose parsed url   auth: null,
12 verbose parsed url   host: null,
12 verbose parsed url   port: null,
12 verbose parsed url   hostname: null,
12 verbose parsed url   hash: null,
12 verbose parsed url   search: null,
12 verbose parsed url   query: null,
12 verbose parsed url   pathname: 'bower',
12 verbose parsed url   path: 'bower',
12 verbose parsed url   href: 'bower' }
13 silly lockFile c41975d1-yo yo
14 verbose lock yo /Users/s_nakamura/.npm/c41975d1-yo.lock
15 silly lockFile 671ef8ac-grunt-cli grunt-cli
16 verbose lock grunt-cli /Users/s_nakamura/.npm/671ef8ac-grunt-cli.lock
17 silly lockFile 206e3ce5-bower bower
18 verbose lock bower /Users/s_nakamura/.npm/206e3ce5-bower.lock
19 silly lockFile c41975d1-yo yo
20 silly lockFile c41975d1-yo yo
21 silly lockFile 206e3ce5-bower bower
22 silly lockFile 206e3ce5-bower bower
23 silly lockFile 671ef8ac-grunt-cli grunt-cli
24 silly lockFile 671ef8ac-grunt-cli grunt-cli
25 verbose addNamed [ 'yo', '' ]
26 verbose addNamed [ null, '*' ]
27 silly lockFile d937c28e-yo yo@
28 verbose lock yo@ /Users/s_nakamura/.npm/d937c28e-yo.lock
29 verbose addNamed [ 'bower', '' ]
30 verbose addNamed [ null, '*' ]
31 silly lockFile 1240aab1-bower bower@
32 verbose lock bower@ /Users/s_nakamura/.npm/1240aab1-bower.lock
33 verbose addNamed [ 'grunt-cli', '' ]
34 verbose addNamed [ null, '*' ]
35 silly lockFile d63f3d0b-grunt-cli grunt-cli@
36 verbose lock grunt-cli@ /Users/s_nakamura/.npm/d63f3d0b-grunt-cli.lock
37 silly addNameRange { name: 'yo', range: '*', hasData: false }
38 silly addNameRange { name: 'bower', range: '*', hasData: false }
39 silly addNameRange { name: 'grunt-cli', range: '*', hasData: false }
40 silly addNameRange number 2 { name: 'grunt-cli', range: '*', hasData: true }
41 silly addNameRange versions [ 'grunt-cli',
41 silly addNameRange   [ '0.1.0',
41 silly addNameRange     '0.1.1',
41 silly addNameRange     '0.1.2',
41 silly addNameRange     '0.1.3',
41 silly addNameRange     '0.1.4',
41 silly addNameRange     '0.1.5',
41 silly addNameRange     '0.1.6',
41 silly addNameRange     '0.1.7',
41 silly addNameRange     '0.1.8',
41 silly addNameRange     '0.1.9',
41 silly addNameRange     '0.1.10',
41 silly addNameRange     '0.1.11',
41 silly addNameRange     '0.1.12',
41 silly addNameRange     '0.1.13' ] ]
42 verbose addNamed [ 'grunt-cli', '0.1.13' ]
43 verbose addNamed [ '0.1.13', '0.1.13' ]
44 silly lockFile 28997503-grunt-cli-0-1-13 grunt-cli@0.1.13
45 verbose lock grunt-cli@0.1.13 /Users/s_nakamura/.npm/28997503-grunt-cli-0-1-13.lock
46 silly addNameRange number 2 { name: 'bower', range: '*', hasData: true }
47 silly addNameRange versions [ 'bower',
47 silly addNameRange   [ '0.1.0',
47 silly addNameRange     '0.1.2',
47 silly addNameRange     '0.1.3',
47 silly addNameRange     '0.2.0',
47 silly addNameRange     '0.3.0',
47 silly addNameRange     '0.3.1',
47 silly addNameRange     '0.3.2',
47 silly addNameRange     '0.4.0',
47 silly addNameRange     '0.5.0',
47 silly addNameRange     '0.5.1',
47 silly addNameRange     '0.6.0',
47 silly addNameRange     '0.6.1',
47 silly addNameRange     '0.6.2',
47 silly addNameRange     '0.6.3',
47 silly addNameRange     '0.6.4',
47 silly addNameRange     '0.6.5',
47 silly addNameRange     '0.6.6',
47 silly addNameRange     '0.6.7',
47 silly addNameRange     '0.6.8',
47 silly addNameRange     '0.7.0',
47 silly addNameRange     '0.7.1',
47 silly addNameRange     '0.8.0',
47 silly addNameRange     '0.8.1',
47 silly addNameRange     '0.8.2',
47 silly addNameRange     '0.8.3',
47 silly addNameRange     '0.8.4',
47 silly addNameRange     '0.8.5',
47 silly addNameRange     '0.8.6',
47 silly addNameRange     '0.9.0',
47 silly addNameRange     '0.9.1',
47 silly addNameRange     '0.9.2',
47 silly addNameRange     '0.10.0',
47 silly addNameRange     '1.0.0',
47 silly addNameRange     '1.0.1',
47 silly addNameRange     '1.0.2',
47 silly addNameRange     '1.0.3',
47 silly addNameRange     '1.1.0',
47 silly addNameRange     '1.1.1',
47 silly addNameRange     '1.1.2',
47 silly addNameRange     '1.2.0',
47 silly addNameRange     '1.2.1',
47 silly addNameRange     '1.2.2',
47 silly addNameRange     '1.2.3',
47 silly addNameRange     '1.2.4',
47 silly addNameRange     '1.2.5',
47 silly addNameRange     '1.2.6',
47 silly addNameRange     '1.2.7',
47 silly addNameRange     '1.2.8' ] ]
48 verbose addNamed [ 'bower', '1.2.8' ]
49 verbose addNamed [ '1.2.8', '1.2.8' ]
50 silly lockFile f0910d34-bower-1-2-8 bower@1.2.8
51 verbose lock bower@1.2.8 /Users/s_nakamura/.npm/f0910d34-bower-1-2-8.lock
52 silly lockFile f0910d34-bower-1-2-8 bower@1.2.8
53 silly lockFile f0910d34-bower-1-2-8 bower@1.2.8
54 silly lockFile 28997503-grunt-cli-0-1-13 grunt-cli@0.1.13
55 silly lockFile 28997503-grunt-cli-0-1-13 grunt-cli@0.1.13
56 silly lockFile 1240aab1-bower bower@
57 silly lockFile 1240aab1-bower bower@
58 silly lockFile d63f3d0b-grunt-cli grunt-cli@
59 silly lockFile d63f3d0b-grunt-cli grunt-cli@
60 silly addNameRange number 2 { name: 'yo', range: '*', hasData: true }
61 silly addNameRange versions [ 'yo',
61 silly addNameRange   [ '1.0.0-beta.1',
61 silly addNameRange     '1.0.0-beta.2',
61 silly addNameRange     '1.0.0-beta.3',
61 silly addNameRange     '1.0.0-beta.4',
61 silly addNameRange     '1.0.0-beta.5',
61 silly addNameRange     '1.0.0-beta.6',
61 silly addNameRange     '1.0.0-beta.7',
61 silly addNameRange     '1.0.0-rc.1',
61 silly addNameRange     '1.0.0-rc.1.1',
61 silly addNameRange     '1.0.0-rc.1.2',
61 silly addNameRange     '1.0.0-rc.1.3',
61 silly addNameRange     '1.0.0-rc.1.4',
61 silly addNameRange     '1.0.0',
61 silly addNameRange     '1.0.1',
61 silly addNameRange     '1.0.2',
61 silly addNameRange     '1.0.3',
61 silly addNameRange     '1.0.4',
61 silly addNameRange     '1.0.5',
61 silly addNameRange     '1.0.6',
61 silly addNameRange     '1.0.7-pre.1',
61 silly addNameRange     '1.0.7-pre.2',
61 silly addNameRange     '1.0.7-pre.3',
61 silly addNameRange     '1.1.0',
61 silly addNameRange     '1.1.1',
61 silly addNameRange     '1.1.2' ] ]
62 verbose addNamed [ 'yo', '1.1.2' ]
63 verbose addNamed [ '1.1.2', '1.1.2' ]
64 silly lockFile c4df5c1e-yo-1-1-2 yo@1.1.2
65 verbose lock yo@1.1.2 /Users/s_nakamura/.npm/c4df5c1e-yo-1-1-2.lock
66 silly lockFile b65dd06a-gistry-npmjs-org-yo-yo-1-1-2-tgz https://registry.npmjs.org/yo/-/yo-1.1.2.tgz
67 verbose lock https://registry.npmjs.org/yo/-/yo-1.1.2.tgz /Users/s_nakamura/.npm/b65dd06a-gistry-npmjs-org-yo-yo-1-1-2-tgz.lock
68 verbose addRemoteTarball [ 'https://registry.npmjs.org/yo/-/yo-1.1.2.tgz',
68 verbose addRemoteTarball   'a0d4da72e83fa0e0dbfe1d0ba258881b240ab854' ]
69 info retry fetch attempt 1 at 14:54:31
70 verbose fetch to= /var/folders/p5/ntkdvk513jdcyr1b9ntbng3c0000gn/T/npm-2141-1-ryGYeu/1392616471428-0.2809377978555858/tmp.tgz
71 http GET https://registry.npmjs.org/yo/-/yo-1.1.2.tgz
72 http 200 https://registry.npmjs.org/yo/-/yo-1.1.2.tgz
73 verbose tar unpack /var/folders/p5/ntkdvk513jdcyr1b9ntbng3c0000gn/T/npm-2141-1-ryGYeu/1392616471428-0.2809377978555858/tmp.tgz
74 silly lockFile a4dd6c18-71428-0-2809377978555858-package tar:///var/folders/p5/ntkdvk513jdcyr1b9ntbng3c0000gn/T/npm-2141-1-ryGYeu/1392616471428-0.2809377978555858/package
75 verbose lock tar:///var/folders/p5/ntkdvk513jdcyr1b9ntbng3c0000gn/T/npm-2141-1-ryGYeu/1392616471428-0.2809377978555858/package /Users/s_nakamura/.npm/a4dd6c18-71428-0-2809377978555858-package.lock
76 silly lockFile a2f50b70-71428-0-2809377978555858-tmp-tgz tar:///var/folders/p5/ntkdvk513jdcyr1b9ntbng3c0000gn/T/npm-2141-1-ryGYeu/1392616471428-0.2809377978555858/tmp.tgz
77 verbose lock tar:///var/folders/p5/ntkdvk513jdcyr1b9ntbng3c0000gn/T/npm-2141-1-ryGYeu/1392616471428-0.2809377978555858/tmp.tgz /Users/s_nakamura/.npm/a2f50b70-71428-0-2809377978555858-tmp-tgz.lock
78 silly gunzTarPerm modes [ '755', '644' ]
79 silly gunzTarPerm extractEntry package.json
80 silly gunzTarPerm extractEntry cli.js
81 silly gunzTarPerm extractEntry yoyo.js
82 silly gunzTarPerm extractEntry readme.md
83 silly gunzTarPerm extractEntry scripts/doctor.js
84 silly gunzTarPerm extractEntry yeoman.txt
85 silly lockFile a4dd6c18-71428-0-2809377978555858-package tar:///var/folders/p5/ntkdvk513jdcyr1b9ntbng3c0000gn/T/npm-2141-1-ryGYeu/1392616471428-0.2809377978555858/package
86 silly lockFile a4dd6c18-71428-0-2809377978555858-package tar:///var/folders/p5/ntkdvk513jdcyr1b9ntbng3c0000gn/T/npm-2141-1-ryGYeu/1392616471428-0.2809377978555858/package
87 silly lockFile a2f50b70-71428-0-2809377978555858-tmp-tgz tar:///var/folders/p5/ntkdvk513jdcyr1b9ntbng3c0000gn/T/npm-2141-1-ryGYeu/1392616471428-0.2809377978555858/tmp.tgz
88 silly lockFile a2f50b70-71428-0-2809377978555858-tmp-tgz tar:///var/folders/p5/ntkdvk513jdcyr1b9ntbng3c0000gn/T/npm-2141-1-ryGYeu/1392616471428-0.2809377978555858/tmp.tgz
89 verbose tar pack [ '/Users/s_nakamura/.npm/yo/1.1.2/package.tgz',
89 verbose tar pack   '/var/folders/p5/ntkdvk513jdcyr1b9ntbng3c0000gn/T/npm-2141-1-ryGYeu/1392616471428-0.2809377978555858/package' ]
90 verbose tarball /Users/s_nakamura/.npm/yo/1.1.2/package.tgz
91 verbose folder /var/folders/p5/ntkdvk513jdcyr1b9ntbng3c0000gn/T/npm-2141-1-ryGYeu/1392616471428-0.2809377978555858/package
92 silly lockFile a4dd6c18-71428-0-2809377978555858-package tar:///var/folders/p5/ntkdvk513jdcyr1b9ntbng3c0000gn/T/npm-2141-1-ryGYeu/1392616471428-0.2809377978555858/package
93 verbose lock tar:///var/folders/p5/ntkdvk513jdcyr1b9ntbng3c0000gn/T/npm-2141-1-ryGYeu/1392616471428-0.2809377978555858/package /Users/s_nakamura/.npm/a4dd6c18-71428-0-2809377978555858-package.lock
94 silly lockFile 1c2ee382-akamura-npm-yo-1-1-2-package-tgz tar:///Users/s_nakamura/.npm/yo/1.1.2/package.tgz
95 verbose lock tar:///Users/s_nakamura/.npm/yo/1.1.2/package.tgz /Users/s_nakamura/.npm/1c2ee382-akamura-npm-yo-1-1-2-package-tgz.lock
96 silly lockFile a4dd6c18-71428-0-2809377978555858-package tar:///var/folders/p5/ntkdvk513jdcyr1b9ntbng3c0000gn/T/npm-2141-1-ryGYeu/1392616471428-0.2809377978555858/package
97 silly lockFile a4dd6c18-71428-0-2809377978555858-package tar:///var/folders/p5/ntkdvk513jdcyr1b9ntbng3c0000gn/T/npm-2141-1-ryGYeu/1392616471428-0.2809377978555858/package
98 silly lockFile 1c2ee382-akamura-npm-yo-1-1-2-package-tgz tar:///Users/s_nakamura/.npm/yo/1.1.2/package.tgz
99 silly lockFile 1c2ee382-akamura-npm-yo-1-1-2-package-tgz tar:///Users/s_nakamura/.npm/yo/1.1.2/package.tgz
100 silly lockFile 92dd3f09--s-nakamura-npm-yo-1-1-2-package /Users/s_nakamura/.npm/yo/1.1.2/package
101 verbose lock /Users/s_nakamura/.npm/yo/1.1.2/package /Users/s_nakamura/.npm/92dd3f09--s-nakamura-npm-yo-1-1-2-package.lock
102 silly lockFile 92dd3f09--s-nakamura-npm-yo-1-1-2-package /Users/s_nakamura/.npm/yo/1.1.2/package
103 silly lockFile 92dd3f09--s-nakamura-npm-yo-1-1-2-package /Users/s_nakamura/.npm/yo/1.1.2/package
104 verbose tar unpack /Users/s_nakamura/.npm/yo/1.1.2/package.tgz
105 silly lockFile feb04b98--s-nakamura-npm-yo-1-1-2-package tar:///Users/s_nakamura/.npm/yo/1.1.2/package
106 verbose lock tar:///Users/s_nakamura/.npm/yo/1.1.2/package /Users/s_nakamura/.npm/feb04b98--s-nakamura-npm-yo-1-1-2-package.lock
107 silly lockFile 1c2ee382-akamura-npm-yo-1-1-2-package-tgz tar:///Users/s_nakamura/.npm/yo/1.1.2/package.tgz
108 verbose lock tar:///Users/s_nakamura/.npm/yo/1.1.2/package.tgz /Users/s_nakamura/.npm/1c2ee382-akamura-npm-yo-1-1-2-package-tgz.lock
109 silly gunzTarPerm modes [ '755', '644' ]
110 silly gunzTarPerm extractEntry package.json
111 silly gunzTarPerm extractEntry cli.js
112 silly gunzTarPerm extractEntry yoyo.js
113 silly gunzTarPerm extractEntry readme.md
114 silly gunzTarPerm extractEntry scripts/doctor.js
115 silly gunzTarPerm extractEntry yeoman.txt
116 silly lockFile feb04b98--s-nakamura-npm-yo-1-1-2-package tar:///Users/s_nakamura/.npm/yo/1.1.2/package
117 silly lockFile feb04b98--s-nakamura-npm-yo-1-1-2-package tar:///Users/s_nakamura/.npm/yo/1.1.2/package
118 silly lockFile 1c2ee382-akamura-npm-yo-1-1-2-package-tgz tar:///Users/s_nakamura/.npm/yo/1.1.2/package.tgz
119 silly lockFile 1c2ee382-akamura-npm-yo-1-1-2-package-tgz tar:///Users/s_nakamura/.npm/yo/1.1.2/package.tgz
120 verbose chmod /Users/s_nakamura/.npm/yo/1.1.2/package.tgz 644
121 verbose chown /Users/s_nakamura/.npm/yo/1.1.2/package.tgz [ 501, 20 ]
122 silly lockFile b65dd06a-gistry-npmjs-org-yo-yo-1-1-2-tgz https://registry.npmjs.org/yo/-/yo-1.1.2.tgz
123 silly lockFile b65dd06a-gistry-npmjs-org-yo-yo-1-1-2-tgz https://registry.npmjs.org/yo/-/yo-1.1.2.tgz
124 silly lockFile c4df5c1e-yo-1-1-2 yo@1.1.2
125 silly lockFile c4df5c1e-yo-1-1-2 yo@1.1.2
126 silly lockFile d937c28e-yo yo@
127 silly lockFile d937c28e-yo yo@
128 silly resolved [ { name: 'bower',
128 silly resolved     version: '1.2.8',
128 silly resolved     description: 'The browser package manager.',
128 silly resolved     author: { name: 'Twitter' },
128 silly resolved     licenses: [ [Object] ],
128 silly resolved     repository: { type: 'git', url: 'git://github.com/bower/bower.git' },
128 silly resolved     main: 'lib',
128 silly resolved     homepage: 'http://bower.io',
128 silly resolved     engines: { node: '>=0.8.0' },
128 silly resolved     dependencies:
128 silly resolved      { abbrev: '~1.0.4',
128 silly resolved        archy: '0.0.2',
128 silly resolved        'bower-config': '~0.5.0',
128 silly resolved        'bower-endpoint-parser': '~0.2.0',
128 silly resolved        'bower-json': '~0.4.0',
128 silly resolved        'bower-logger': '~0.2.1',
128 silly resolved        'bower-registry-client': '~0.1.4',
128 silly resolved        cardinal: '~0.4.0',
128 silly resolved        chalk: '~0.2.0',
128 silly resolved        chmodr: '~0.1.0',
128 silly resolved        'decompress-zip': '~0.0.3',
128 silly resolved        fstream: '~0.1.22',
128 silly resolved        'fstream-ignore': '~0.0.6',
128 silly resolved        glob: '~3.2.1',
128 silly resolved        'graceful-fs': '~2.0.0',
128 silly resolved        handlebars: '~1.0.11',
128 silly resolved        inquirer: '~0.3.0',
128 silly resolved        junk: '~0.2.0',
128 silly resolved        mkdirp: '~0.3.5',
128 silly resolved        mout: '~0.7.0',
128 silly resolved        nopt: '~2.1.1',
128 silly resolved        'lru-cache': '~2.3.0',
128 silly resolved        open: '~0.0.3',
128 silly resolved        osenv: '0.0.3',
128 silly resolved        promptly: '~0.2.0',
128 silly resolved        q: '~0.9.2',
128 silly resolved        request: '~2.27.0',
128 silly resolved        'request-progress': '~0.3.0',
128 silly resolved        retry: '~0.6.0',
128 silly resolved        rimraf: '~2.2.0',
128 silly resolved        semver: '~2.1.0',
128 silly resolved        'stringify-object': '~0.1.4',
128 silly resolved        'sudo-block': '~0.2.0',
128 silly resolved        tar: '~0.1.17',
128 silly resolved        tmp: '~0.0.20',
128 silly resolved        'update-notifier': '~0.1.3',
128 silly resolved        which: '~1.0.5',
128 silly resolved        'p-throttler': '~0.0.1' },
128 silly resolved     devDependencies:
128 silly resolved      { 'expect.js': '~0.2.0',
128 silly resolved        grunt: '~0.4.1',
128 silly resolved        'grunt-simple-mocha': '~0.4.0',
128 silly resolved        'grunt-contrib-watch': '~0.5.0',
128 silly resolved        'grunt-contrib-jshint': '~0.6.0',
128 silly resolved        'grunt-exec': '~0.4.2',
128 silly resolved        mocha: '~1.12.0',
128 silly resolved        nock: '~0.22.0',
128 silly resolved        istanbul: '~0.1.42',
128 silly resolved        proxyquire: '~0.5.0' },
128 silly resolved     scripts: { test: 'grunt test' },
128 silly resolved     bin: { bower: 'bin/bower' },
128 silly resolved     preferGlobal: true,
128 silly resolved     bugs: { url: 'https://github.com/bower/bower/issues' },
128 silly resolved     readme: 'ERROR: No README data found!',
128 silly resolved     _id: 'bower@1.2.8',
128 silly resolved     _from: 'bower@' },
128 silly resolved   { name: 'grunt-cli',
128 silly resolved     description: 'The grunt command line interface.',
128 silly resolved     version: '0.1.13',
128 silly resolved     author: { name: 'Grunt Team' },
128 silly resolved     homepage: 'http://gruntjs.com/',
128 silly resolved     repository: { type: 'git', url: 'git://github.com/gruntjs/grunt-cli.git' },
128 silly resolved     bugs: { url: 'http://github.com/gruntjs/grunt-cli/issues' },
128 silly resolved     licenses: [ [Object] ],
128 silly resolved     bin: { grunt: 'bin/grunt' },
128 silly resolved     engines: { node: '>= 0.8.0' },
128 silly resolved     scripts: { test: 'node bin/grunt test' },
128 silly resolved     preferGlobal: true,
128 silly resolved     dependencies: { nopt: '~1.0.10', 'findup-sync': '~0.1.0', resolve: '~0.3.1' },
128 silly resolved     devDependencies: { grunt: '~0.4.0', 'grunt-contrib-jshint': '~0.2.0' },
128 silly resolved     contributors: [ [Object], [Object], [Object], [Object] ],
128 silly resolved     readme: 'ERROR: No README data found!',
128 silly resolved     _id: 'grunt-cli@0.1.13',
128 silly resolved     _from: 'grunt-cli@' },
128 silly resolved   { name: 'yo',
128 silly resolved     version: '1.1.2',
128 silly resolved     description: 'CLI tool for scaffolding out Yeoman projects',
128 silly resolved     license: 'MIT',
128 silly resolved     bin: { yo: 'cli.js' },
128 silly resolved     repository: { type: 'git', url: 'git://github.com/yeoman/yo' },
128 silly resolved     homepage: 'http://yeoman.io',
128 silly resolved     author: { name: 'Chrome Developer Relations' },
128 silly resolved     engines: { node: '>=0.8.0', npm: '>=1.2.10' },
128 silly resolved     scripts:
128 silly resolved      { test: 'grunt',
128 silly resolved        postinstall: 'node ./scripts/doctor',
128 silly resolved        postupdate: 'node ./scripts/doctor' },
128 silly resolved     files: [ 'cli.js', 'yoyo.js', 'yeoman.txt', 'scripts/' ],
128 silly resolved     keywords:
128 silly resolved      [ 'front-end',
128 silly resolved        'development',
128 silly resolved        'dev',
128 silly resolved        'build',
128 silly resolved        'web',
128 silly resolved        'tool',
128 silly resolved        'cli',
128 silly resolved        'scaffold',
128 silly resolved        'stack' ],
128 silly resolved     dependencies:
128 silly resolved      { 'yeoman-generator': '~0.16.0',
128 silly resolved        nopt: '~2.1.1',
128 silly resolved        lodash: '~2.4.1',
128 silly resolved        'update-notifier': '~0.1.3',
128 silly resolved        insight: '~0.3.0',
128 silly resolved        'sudo-block': '~0.3.0',
128 silly resolved        async: '~0.2.9',
128 silly resolved        open: '0.0.4',
128 silly resolved        chalk: '~0.4.0',
128 silly resolved        findup: '~0.1.3',
128 silly resolved        shelljs: '~0.2.6' },
128 silly resolved     peerDependencies: { 'grunt-cli': '~0.1.7', bower: '>=0.9.0' },
128 silly resolved     devDependencies:
128 silly resolved      { grunt: '~0.4.2',
128 silly resolved        mockery: '~1.4.0',
128 silly resolved        'grunt-contrib-jshint': '~0.8.0',
128 silly resolved        'grunt-contrib-watch': '~0.5.3',
128 silly resolved        'grunt-mocha-test': '~0.8.1' },
128 silly resolved     engineStrict: true,
128 silly resolved     preferGlobal: true,
128 silly resolved     bugs: { url: 'https://github.com/yeoman/yo/issues' },
128 silly resolved     readme: 'ERROR: No README data found!',
128 silly resolved     _id: 'yo@1.1.2',
128 silly resolved     dist: { shasum: 'a0d4da72e83fa0e0dbfe1d0ba258881b240ab854' },
128 silly resolved     _from: 'yo@',
128 silly resolved     _resolved: 'https://registry.npmjs.org/yo/-/yo-1.1.2.tgz' } ]
129 info install bower@1.2.8 into /usr/local/lib
130 info install grunt-cli@0.1.13 into /usr/local/lib
131 info install yo@1.1.2 into /usr/local/lib
132 info installOne bower@1.2.8
133 info installOne grunt-cli@0.1.13
134 info installOne yo@1.1.2
135 info /usr/local/lib/node_modules/yo unbuild
136 info /usr/local/lib/node_modules/bower unbuild
137 info /usr/local/lib/node_modules/grunt-cli unbuild
138 verbose tar unpack /Users/s_nakamura/.npm/yo/1.1.2/package.tgz
139 silly lockFile 7d7c7bef-ar-usr-local-lib-node-modules-yo tar:///usr/local/lib/node_modules/yo
140 verbose lock tar:///usr/local/lib/node_modules/yo /Users/s_nakamura/.npm/7d7c7bef-ar-usr-local-lib-node-modules-yo.lock
141 silly lockFile 1c2ee382-akamura-npm-yo-1-1-2-package-tgz tar:///Users/s_nakamura/.npm/yo/1.1.2/package.tgz
142 verbose lock tar:///Users/s_nakamura/.npm/yo/1.1.2/package.tgz /Users/s_nakamura/.npm/1c2ee382-akamura-npm-yo-1-1-2-package-tgz.lock
143 info preuninstall bower@1.2.8
144 info preuninstall grunt-cli@0.1.9
145 silly gunzTarPerm modes [ '755', '644' ]
146 info uninstall bower@1.2.8
147 info uninstall grunt-cli@0.1.9
148 verbose true,/usr/local/lib/node_modules,/usr/local/lib/node_modules unbuild bower@1.2.8
149 verbose /usr/local/bin,[object Object] binRoot
150 verbose true,/usr/local/lib/node_modules,/usr/local/lib/node_modules unbuild grunt-cli@0.1.9
151 verbose /usr/local/bin,[object Object] binRoot
152 info postuninstall grunt-cli@0.1.9
153 silly gunzTarPerm extractEntry package.json
154 info postuninstall bower@1.2.8
155 silly gunzTarPerm extractEntry cli.js
156 silly gunzTarPerm extractEntry yoyo.js
157 info /usr/local/lib/node_modules/grunt-cli unbuild
158 info preuninstall grunt-cli@0.1.9
159 info uninstall grunt-cli@0.1.9
160 silly gunzTarPerm extractEntry readme.md
161 verbose true,/usr/local/lib/node_modules,/usr/local/lib/node_modules unbuild grunt-cli@0.1.9
162 verbose /usr/local/bin,[object Object] binRoot
163 info postuninstall grunt-cli@0.1.9
164 error error rolling back Error: EACCES, unlink '/usr/local/lib/node_modules/grunt-cli/.npmignore'
164 error error rolling back  grunt-cli@0.1.13 { [Error: EACCES, unlink '/usr/local/lib/node_modules/grunt-cli/.npmignore']
164 error error rolling back   errno: 3,
164 error error rolling back   code: 'EACCES',
164 error error rolling back   path: '/usr/local/lib/node_modules/grunt-cli/.npmignore' }
165 error Error: EACCES, unlink '/usr/local/lib/node_modules/grunt-cli/.npmignore'
165 error  { [Error: EACCES, unlink '/usr/local/lib/node_modules/grunt-cli/.npmignore']
165 error   errno: 3,
165 error   code: 'EACCES',
165 error   path: '/usr/local/lib/node_modules/grunt-cli/.npmignore' }
166 error Please try running this command again as root/Administrator.
167 error System Darwin 13.0.0
168 error command "/usr/local/bin/node" "/usr/local/bin/npm" "install" "-g" "yo" "grunt-cli" "bower"
169 error cwd /usr/local/project/life_photos
170 error node -v v0.10.25
171 error npm -v 1.3.24
172 error path /usr/local/lib/node_modules/grunt-cli/.npmignore
173 error code EACCES
174 error errno 3
175 error stack Error: EACCES, unlink '/usr/local/lib/node_modules/grunt-cli/.npmignore'
176 verbose exit [ 3, true ]
